04.08.2012 22:30:30 [INFO]: Root WebApplicationContext: initialization started
04.08.2012 22:30:30 [INFO]: Refreshing Root WebApplicationContext: startup date [Sat Aug 04 22:30:30 EEST 2012]; root of context hierarchy
04.08.2012 22:30:30 [INFO]: Loading XML bean definitions from ServletContext resource [/WEB-INF/spring-dispatcher-servlet.xml]
04.08.2012 22:30:31 [INFO]: Loading XML bean definitions from ServletContext resource [/WEB-INF/spring-security.xml]
04.08.2012 22:30:31 [INFO]: You are running with Spring Security Core 3.1.0.RELEASE
04.08.2012 22:30:31 [INFO]: Spring Security 'config' module version is 3.1.0.RELEASE
04.08.2012 22:30:32 [INFO]: Creating access control expression attribute 'hasRole('ADMIN') or hasRole('SUPERADMIN')' for /action/users/**
04.08.2012 22:30:32 [INFO]: Creating access control expression attribute 'hasRole('ADMIN') or hasRole('USER') or hasRole('SUPERADMIN')' for /action/**
04.08.2012 22:30:32 [INFO]: Creating access control expression attribute 'permitAll()' for /**
04.08.2012 22:30:32 [INFO]: Checking sorted filter chain: [Root bean: class [org.springframework.security.web.context.SecurityContextPersistenceFilter]; scope=; abstract=false; lazyInit=false; autowireMode=0; dependencyCheck=0; autowireCandidate=true; primary=false; factoryBeanName=null; factoryMethodName=null; initMethodName=null; destroyMethodName=null, order = 300, Root bean: class [org.springframework.security.web.authentication.logout.LogoutFilter]; scope=; abstract=false; lazyInit=false; autowireMode=0; dependencyCheck=0; autowireCandidate=true; primary=false; factoryBeanName=null; factoryMethodName=null; initMethodName=null; destroyMethodName=null, order = 400, <org.springframework.security.web.authentication.UsernamePasswordAuthenticationFilter#0>, order = 800, Root bean: class [org.springframework.security.web.savedrequest.RequestCacheAwareFilter]; scope=; abstract=false; lazyInit=false; autowireMode=0; dependencyCheck=0; autowireCandidate=true; primary=false; factoryBeanName=null; factoryMethodName=null; initMethodName=null; destroyMethodName=null, order = 1300, Root bean: class [org.springframework.security.web.servletapi.SecurityContextHolderAwareRequestFilter]; scope=; abstract=false; lazyInit=false; autowireMode=0; dependencyCheck=0; autowireCandidate=true; primary=false; factoryBeanName=null; factoryMethodName=null; initMethodName=null; destroyMethodName=null, order = 1400, Root bean: class [org.springframework.security.web.authentication.AnonymousAuthenticationFilter]; scope=; abstract=false; lazyInit=false; autowireMode=0; dependencyCheck=0; autowireCandidate=true; primary=false; factoryBeanName=null; factoryMethodName=null; initMethodName=null; destroyMethodName=null, order = 1700, Root bean: class [org.springframework.security.web.session.SessionManagementFilter]; scope=; abstract=false; lazyInit=false; autowireMode=0; dependencyCheck=0; autowireCandidate=true; primary=false; factoryBeanName=null; factoryMethodName=null; initMethodName=null; destroyMethodName=null, order = 1800, Root bean: class [org.springframework.security.web.access.ExceptionTranslationFilter]; scope=; abstract=false; lazyInit=false; autowireMode=0; dependencyCheck=0; autowireCandidate=true; primary=false; factoryBeanName=null; factoryMethodName=null; initMethodName=null; destroyMethodName=null, order = 1900, <org.springframework.security.web.access.intercept.FilterSecurityInterceptor#0>, order = 2000]
04.08.2012 22:30:32 [INFO]: Loading XML bean definitions from ServletContext resource [/WEB-INF/spring-app.xml]
04.08.2012 22:30:34 [INFO]: Pre-instantiating singletons in org.springframework.beans.factory.support.DefaultListableBeanFactory@7e4d5e01: defining beans [org.springframework.web.servlet.mvc.method.annotation.RequestMappingHandlerMapping#0,org.springframework.format.support.FormattingConversionServiceFactoryBean#0,org.springframework.validation.beanvalidation.LocalValidatorFactoryBean#0,org.springframework.web.servlet.mvc.method.annotation.RequestMappingHandlerAdapter#0,org.springframework.web.servlet.handler.MappedInterceptor#0,org.springframework.web.servlet.mvc.method.annotation.ExceptionHandlerExceptionResolver#0,org.springframework.web.servlet.mvc.annotation.ResponseStatusExceptionResolver#0,org.springframework.web.servlet.mvc.support.DefaultHandlerExceptionResolver#0,org.springframework.web.servlet.handler.BeanNameUrlHandlerMapping,org.springframework.web.servlet.mvc.HttpRequestHandlerAdapter,org.springframework.web.servlet.mvc.SimpleControllerHandlerAdapter,myService,webUtility,commonService,personReadService,personWriteService,serviceSupport,commonController,fileController,imageController,indexController,issueController,userController,activityObserver,myUserDetailService,org.springframework.context.annotation.internalConfigurationAnnotationProcessor,org.springframework.context.annotation.internalAutowiredAnnotationProcessor,org.springframework.context.annotation.internalRequiredAnnotationProcessor,org.springframework.context.annotation.internalCommonAnnotationProcessor,org.springframework.context.annotation.internalPersistenceAnnotationProcessor,org.springframework.web.servlet.view.InternalResourceViewResolver#0,multipartResolver,org.springframework.web.servlet.handler.MappedInterceptor#1,org.springframework.security.filterChains,org.springframework.security.filterChainProxy,org.springframework.security.web.DefaultSecurityFilterChain#0,org.springframework.security.web.PortMapperImpl#0,org.springframework.security.config.authentication.AuthenticationManagerFactoryBean#0,org.springframework.security.authentication.ProviderManager#0,org.springframework.security.web.context.HttpSessionSecurityContextRepository#0,org.springframework.security.web.authentication.session.SessionFixationProtectionStrategy#0,org.springframework.security.web.savedrequest.HttpSessionRequestCache#0,org.springframework.security.web.access.expression.DefaultWebSecurityExpressionHandler#0,org.springframework.security.access.vote.AffirmativeBased#0,org.springframework.security.web.access.intercept.FilterSecurityInterceptor#0,org.springframework.security.web.access.DefaultWebInvocationPrivilegeEvaluator#0,org.springframework.security.authentication.AnonymousAuthenticationProvider#0,org.springframework.security.web.authentication.UsernamePasswordAuthenticationFilter#0,org.springframework.security.userDetailsServiceFactory,org.springframework.security.web.DefaultSecurityFilterChain#1,org.springframework.security.authentication.dao.DaoAuthenticationProvider#0,org.springframework.security.authentication.DefaultAuthenticationEventPublisher#0,org.springframework.security.authenticationManager,passwordEncoder,c3datasource,sessionFactory,jdbcTemplate,org.springframework.context.annotation.ConfigurationClassPostProcessor$ImportAwareBeanPostProcessor#0]; root of factory hierarchy
04.08.2012 22:30:35 [INFO]: MLog clients using log4j logging.
04.08.2012 22:30:36 [INFO]: Initializing c3p0-0.9.1.2 [built 21-May-2007 15:04:56; debug? true; trace: 10]
04.08.2012 22:30:36 [DEBUG]: MBean: com.mchange.v2.c3p0:type=PooledDataSource[mfpyhz8o1vgforz10y0td2|6edcce68] registered.
04.08.2012 22:30:37 [INFO]: HCANN000001: Hibernate Commons Annotations {4.0.1.Final}
04.08.2012 22:30:37 [INFO]: HHH000412: Hibernate Core {4.1.3.Final}
04.08.2012 22:30:37 [INFO]: HHH000206: hibernate.properties not found
04.08.2012 22:30:37 [INFO]: HHH000021: Bytecode provider name : javassist
04.08.2012 22:30:37 [INFO]: HHH000044: Configuring from URL: file:/C:/Users/prakass/workspace/shared-issues/src/main/webapp/WEB-INF/hibernate.cfg.xml
04.08.2012 22:30:37 [WARN]: HHH000223: Recognized obsolete hibernate namespace http://hibernate.sourceforge.net/. Use namespace http://www.hibernate.org/dtd/ instead. Refer to Hibernate 3.6 Migration Guide!
04.08.2012 22:30:37 [INFO]: HHH000041: Configured SessionFactory: null
04.08.2012 22:30:38 [DEBUG]: incremented pending_acquires: 1
04.08.2012 22:30:38 [DEBUG]: incremented pending_acquires: 2
04.08.2012 22:30:38 [DEBUG]: incremented pending_acquires: 3
04.08.2012 22:30:38 [DEBUG]: incremented pending_acquires: 4
04.08.2012 22:30:38 [DEBUG]: incremented pending_acquires: 5
04.08.2012 22:30:38 [DEBUG]: com.mchange.v2.resourcepool.BasicResourcePool@b9c7cdb config: [start -> 5; min -> 3; max -> 15; inc -> 3; num_acq_attempts -> 30; acq_attempt_delay -> 1000; check_idle_resources_delay -> 0; mox_resource_age -> 0; max_idle_time -> 0; excess_max_idle_time -> 0; destroy_unreturned_resc_time -> 0; expiration_enforcement_delay -> 0; break_on_acquisition_failure -> false; debug_store_checkout_exceptions -> false]
04.08.2012 22:30:38 [INFO]: Initializing c3p0 pool... com.mchange.v2.c3p0.ComboPooledDataSource [ acquireIncrement -> 3, acquireRetryAttempts -> 30, acquireRetryDelay -> 1000, autoCommitOnClose -> false, automaticTestTable -> null, breakAfterAcquireFailure -> false, checkoutTimeout -> 0, connectionCustomizerClassName -> null, connectionTesterClassName -> com.mchange.v2.c3p0.impl.DefaultConnectionTester, dataSourceName -> mfpyhz8o1vgforz10y0td2|6edcce68, debugUnreturnedConnectionStackTraces -> false, description -> null, driverClass -> com.mysql.jdbc.Driver, factoryClassLocation -> null, forceIgnoreUnresolvedTransactions -> false, identityToken -> mfpyhz8o1vgforz10y0td2|6edcce68, idleConnectionTestPeriod -> 0, initialPoolSize -> 5, jdbcUrl -> jdbc:mysql://localhost/orientation, maxAdministrativeTaskTime -> 0, maxConnectionAge -> 0, maxIdleTime -> 0, maxIdleTimeExcessConnections -> 0, maxPoolSize -> 15, maxStatements -> 0, maxStatementsPerConnection -> 0, minPoolSize -> 3, numHelperThreads -> 3, numThreadsAwaitingCheckoutDefaultUser -> 0, preferredTestQuery -> null, properties -> {user=******, password=******}, propertyCycle -> 0, testConnectionOnCheckin -> false, testConnectionOnCheckout -> false, unreturnedConnectionTimeout -> 0, usesTraditionalReflectiveProxies -> false ]
04.08.2012 22:30:38 [DEBUG]: acquire test -- pool size: 0; target_pool_size: 5; desired target? 1
04.08.2012 22:30:38 [DEBUG]: awaitAvailable(): [unknown]
04.08.2012 22:30:38 [DEBUG]: trace com.mchange.v2.resourcepool.BasicResourcePool@b9c7cdb [managed: 0, unused: 0, excluded: 0]
04.08.2012 22:30:39 [DEBUG]: com.mchange.v2.c3p0.impl.C3P0PooledConnectionPool$1PooledConnectionResourcePoolManager@8a669b1.acquireResource() returning. 
04.08.2012 22:30:39 [DEBUG]: trace com.mchange.v2.resourcepool.BasicResourcePool@b9c7cdb [managed: 1, unused: 1, excluded: 0]
04.08.2012 22:30:39 [DEBUG]: decremented pending_acquires: 4
04.08.2012 22:30:39 [DEBUG]: com.mchange.v2.c3p0.impl.C3P0PooledConnectionPool$1PooledConnectionResourcePoolManager@8a669b1.acquireResource() returning. 
04.08.2012 22:30:39 [DEBUG]: trace com.mchange.v2.resourcepool.BasicResourcePool@b9c7cdb [managed: 2, unused: 2, excluded: 0] (e.g. com.mchange.v2.c3p0.impl.NewPooledConnection@212e50ab)
04.08.2012 22:30:39 [DEBUG]: decremented pending_acquires: 3
04.08.2012 22:30:39 [DEBUG]: com.mchange.v2.c3p0.impl.C3P0PooledConnectionPool$1PooledConnectionResourcePoolManager@8a669b1.acquireResource() returning. 
04.08.2012 22:30:39 [DEBUG]: trace com.mchange.v2.resourcepool.BasicResourcePool@b9c7cdb [managed: 3, unused: 3, excluded: 0] (e.g. com.mchange.v2.c3p0.impl.NewPooledConnection@212e50ab)
04.08.2012 22:30:39 [DEBUG]: decremented pending_acquires: 2
04.08.2012 22:30:39 [DEBUG]: trace com.mchange.v2.resourcepool.BasicResourcePool@b9c7cdb [managed: 3, unused: 2, excluded: 0] (e.g. com.mchange.v2.c3p0.impl.NewPooledConnection@212e50ab)
04.08.2012 22:30:39 [DEBUG]: com.mchange.v2.c3p0.impl.C3P0PooledConnectionPool$1PooledConnectionResourcePoolManager@8a669b1.acquireResource() returning. 
04.08.2012 22:30:39 [DEBUG]: trace com.mchange.v2.resourcepool.BasicResourcePool@b9c7cdb [managed: 4, unused: 3, excluded: 0] (e.g. com.mchange.v2.c3p0.impl.NewPooledConnection@212e50ab)
04.08.2012 22:30:39 [DEBUG]: decremented pending_acquires: 1
04.08.2012 22:30:39 [DEBUG]: com.mchange.v2.c3p0.impl.C3P0PooledConnectionPool$1PooledConnectionResourcePoolManager@8a669b1.acquireResource() returning. 
04.08.2012 22:30:39 [DEBUG]: trace com.mchange.v2.resourcepool.BasicResourcePool@b9c7cdb [managed: 5, unused: 4, excluded: 0] (e.g. com.mchange.v2.c3p0.impl.NewPooledConnection@212e50ab)
04.08.2012 22:30:39 [DEBUG]: decremented pending_acquires: 0
04.08.2012 22:30:39 [INFO]: HHH000400: Using dialect: org.hibernate.dialect.MySQLDialect
04.08.2012 22:30:39 [INFO]: HHH000424: Disabling contextual LOB creation as createClob() method threw error : java.lang.reflect.InvocationTargetException
04.08.2012 22:30:39 [DEBUG]: trace com.mchange.v2.resourcepool.BasicResourcePool@b9c7cdb [managed: 5, unused: 4, excluded: 0] (e.g. com.mchange.v2.c3p0.impl.NewPooledConnection@212e50ab)
04.08.2012 22:30:39 [INFO]: HHH000399: Using default transaction strategy (direct JDBC transactions)
04.08.2012 22:30:39 [INFO]: HHH000397: Using ASTQueryTranslatorFactory
04.08.2012 22:30:39 [INFO]: HV000001: Hibernate Validator 4.3.0.Final
04.08.2012 22:30:41 [INFO]: HHH000227: Running hbm2ddl schema export
04.08.2012 22:30:41 [DEBUG]: trace com.mchange.v2.resourcepool.BasicResourcePool@b9c7cdb [managed: 5, unused: 4, excluded: 0] (e.g. com.mchange.v2.c3p0.impl.NewPooledConnection@212e50ab)
04.08.2012 22:30:42 [DEBUG]: trace com.mchange.v2.resourcepool.BasicResourcePool@b9c7cdb [managed: 5, unused: 4, excluded: 0] (e.g. com.mchange.v2.c3p0.impl.NewPooledConnection@212e50ab)
04.08.2012 22:30:42 [INFO]: HHH000230: Schema export complete
04.08.2012 22:30:43 [INFO]: Mapped "{[/profile],methods=[],params=[],headers=[],consumes=[],produces=[],custom=[]}" onto public org.springframework.web.servlet.ModelAndView com.sharedissues.web.controller.CommonController.doGetUserProfile(javax.servlet.http.HttpServletRequest)
04.08.2012 22:30:43 [INFO]: Mapped "{[/contact],methods=[POST],params=[],headers=[],consumes=[],produces=[],custom=[]}" onto public void com.sharedissues.web.controller.CommonController.doPostContact(javax.servlet.http.HttpServletRequest,javax.servlet.http.HttpServletResponse) throws java.io.IOException
04.08.2012 22:30:43 [INFO]: Mapped "{[/change-password],methods=[GET],params=[],headers=[],consumes=[],produces=[],custom=[]}" onto public org.springframework.web.servlet.ModelAndView com.sharedissues.web.controller.CommonController.doGetChangePassword(javax.servlet.http.HttpServletRequest,javax.servlet.http.HttpServletResponse) throws java.io.IOException
04.08.2012 22:30:43 [INFO]: Mapped "{[/change-password],methods=[POST],params=[],headers=[],consumes=[],produces=[],custom=[]}" onto public void com.sharedissues.web.controller.CommonController.doPostChangePassword(javax.servlet.http.HttpServletRequest,javax.servlet.http.HttpServletResponse) throws java.io.IOException
04.08.2012 22:30:43 [INFO]: Mapped "{[/edit-profile],methods=[POST],params=[],headers=[],consumes=[],produces=[],custom=[]}" onto public org.springframework.web.servlet.ModelAndView com.sharedissues.web.controller.CommonController.doPostEdit(javax.servlet.http.HttpServletRequest,com.sharedissues.entities.Person,javax.servlet.http.HttpServletResponse) throws java.io.IOException
04.08.2012 22:30:43 [INFO]: Mapped "{[/upload-image],methods=[],params=[],headers=[],consumes=[],produces=[],custom=[]}" onto public void com.sharedissues.web.controller.CommonController.doGetImage(javax.servlet.http.HttpServletRequest,javax.servlet.http.HttpServletResponse)
04.08.2012 22:30:43 [INFO]: Mapped "{[/contact],methods=[GET],params=[],headers=[],consumes=[],produces=[],custom=[]}" onto public org.springframework.web.servlet.ModelAndView com.sharedissues.web.controller.CommonController.doGetContact(javax.servlet.http.HttpServletRequest,javax.servlet.http.HttpServletResponse) throws java.io.IOException
04.08.2012 22:30:43 [INFO]: Mapped "{[/edit-profile],methods=[GET],params=[],headers=[],consumes=[],produces=[],custom=[]}" onto public org.springframework.web.servlet.ModelAndView com.sharedissues.web.controller.CommonController.doGetEdit(javax.servlet.http.HttpServletRequest,javax.servlet.http.HttpServletResponse) throws java.io.IOException
04.08.2012 22:30:43 [INFO]: Mapped "{[/files/all-files],methods=[],params=[],headers=[],consumes=[],produces=[],custom=[]}" onto public org.springframework.web.servlet.ModelAndView com.sharedissues.web.controller.FileController.doGetAllFiles()
04.08.2012 22:30:43 [INFO]: Mapped "{[/image/all-images],methods=[],params=[],headers=[],consumes=[],produces=[],custom=[]}" onto public org.springframework.web.servlet.ModelAndView com.sharedissues.web.controller.ImageController.doGetAllFiles()
04.08.2012 22:30:43 [INFO]: Mapped "{[/image/remove],methods=[],params=[],headers=[],consumes=[],produces=[],custom=[]}" onto public void com.sharedissues.web.controller.ImageController.doGetAllFiles(javax.servlet.http.HttpServletRequest,javax.servlet.http.HttpServletResponse) throws java.io.IOException
04.08.2012 22:30:43 [INFO]: Mapped "{[/image/get/{imageUuid}],methods=[],params=[],headers=[],consumes=[],produces=[],custom=[]}" onto public java.lang.String com.sharedissues.web.controller.ImageController.getImageByImageId(java.lang.String,javax.servlet.http.HttpServletResponse) throws java.lang.Exception
04.08.2012 22:30:43 [INFO]: Mapped "{[/image/detail],methods=[GET],params=[],headers=[],consumes=[],produces=[],custom=[]}" onto public org.springframework.web.servlet.ModelAndView com.sharedissues.web.controller.ImageController.getImageDetails()
04.08.2012 22:30:43 [INFO]: Mapped "{[/image/upload],methods=[POST],params=[],headers=[],consumes=[],produces=[],custom=[]}" onto public java.lang.String com.sharedissues.web.controller.ImageController.uploadImage(javax.servlet.http.HttpServletRequest,javax.servlet.http.HttpServletResponse) throws java.io.IOException
04.08.2012 22:30:43 [INFO]: Mapped "{[/index],methods=[],params=[],headers=[],consumes=[],produces=[],custom=[]}" onto public java.lang.String com.sharedissues.web.controller.IndexController.doGetIndex(javax.servlet.http.HttpServletRequest)
04.08.2012 22:30:43 [INFO]: Mapped "{[/issues/index],methods=[GET],params=[],headers=[],consumes=[],produces=[],custom=[]}" onto public org.springframework.web.servlet.ModelAndView com.sharedissues.web.controller.IssueController.doGetDashBoard()
04.08.2012 22:30:43 [INFO]: Mapped "{[/issues/create],methods=[GET],params=[],headers=[],consumes=[],produces=[],custom=[]}" onto public org.springframework.web.servlet.ModelAndView com.sharedissues.web.controller.IssueController.doGetAddIssue(javax.servlet.http.HttpServletRequest,javax.servlet.http.HttpServletResponse)
04.08.2012 22:30:43 [INFO]: Mapped "{[/issues/create],methods=[POST],params=[],headers=[],consumes=[],produces=[],custom=[]}" onto public void com.sharedissues.web.controller.IssueController.doPostAddIssue(com.sharedissues.entities.Issue,javax.servlet.http.HttpServletRequest,javax.servlet.http.HttpServletResponse) throws java.io.IOException
04.08.2012 22:30:43 [INFO]: Mapped "{[/issues/edit],methods=[GET],params=[],headers=[],consumes=[],produces=[],custom=[]}" onto public org.springframework.web.servlet.ModelAndView com.sharedissues.web.controller.IssueController.doGetEditIssue(javax.servlet.http.HttpServletResponse,javax.servlet.http.HttpServletRequest)
04.08.2012 22:30:43 [INFO]: Mapped "{[/issues/edit],methods=[POST],params=[],headers=[],consumes=[],produces=[],custom=[]}" onto public void com.sharedissues.web.controller.IssueController.doPostEditIssue(com.sharedissues.entities.Issue,javax.servlet.http.HttpServletResponse) throws java.io.IOException
04.08.2012 22:30:43 [INFO]: Mapped "{[/issues/remove],methods=[POST],params=[],headers=[],consumes=[],produces=[],custom=[]}" onto public org.springframework.web.servlet.ModelAndView com.sharedissues.web.controller.IssueController.doGetDeleteIssue()
04.08.2012 22:30:43 [INFO]: Mapped "{[/issues/search],methods=[GET],params=[],headers=[],consumes=[],produces=[],custom=[]}" onto public org.springframework.web.servlet.ModelAndView com.sharedissues.web.controller.IssueController.doGetSearchIssue()
04.08.2012 22:30:43 [INFO]: Mapped "{[/issues/search],methods=[POST],params=[],headers=[],consumes=[],produces=[],custom=[]}" onto public org.springframework.web.servlet.ModelAndView com.sharedissues.web.controller.IssueController.doPostSearchIssue()
04.08.2012 22:30:43 [INFO]: Mapped "{[/issues/issue-board],methods=[GET],params=[],headers=[],consumes=[],produces=[],custom=[]}" onto public org.springframework.web.servlet.ModelAndView com.sharedissues.web.controller.IssueController.doGetIssueBoard()
04.08.2012 22:30:43 [INFO]: Mapped "{[/issues/detail],methods=[GET],params=[],headers=[],consumes=[],produces=[],custom=[]}" onto public org.springframework.web.servlet.ModelAndView com.sharedissues.web.controller.IssueController.doGetIssueDetail(javax.servlet.http.HttpServletRequest)
04.08.2012 22:30:43 [INFO]: Mapped "{[/issues/change-status],methods=[GET],params=[],headers=[],consumes=[],produces=[],custom=[]}" onto public void com.sharedissues.web.controller.IssueController.doGetChangeStatus(javax.servlet.http.HttpServletRequest,javax.servlet.http.HttpServletResponse) throws java.io.IOException
04.08.2012 22:30:43 [INFO]: Mapped "{[/issues/comment],methods=[POST],params=[],headers=[],consumes=[],produces=[],custom=[]}" onto public void com.sharedissues.web.controller.IssueController.doGetComment(javax.servlet.http.HttpServletRequest,com.sharedissues.entities.Comment,javax.servlet.http.HttpServletResponse) throws java.io.IOException
04.08.2012 22:30:43 [INFO]: Mapped "{[/users/add-user],methods=[POST],params=[],headers=[],consumes=[],produces=[],custom=[]}" onto public org.springframework.web.servlet.ModelAndView com.sharedissues.web.controller.UserController.doPostAddUser(com.sharedissues.entities.Person,javax.servlet.http.HttpServletRequest)
04.08.2012 22:30:43 [INFO]: Mapped "{[/users/all-users],methods=[GET],params=[],headers=[],consumes=[],produces=[],custom=[]}" onto public org.springframework.web.servlet.ModelAndView com.sharedissues.web.controller.UserController.doPostAllUsers(javax.servlet.http.HttpServletRequest)
04.08.2012 22:30:43 [INFO]: Mapped "{[/users/search-user],methods=[GET],params=[],headers=[],consumes=[],produces=[],custom=[]}" onto public java.lang.String com.sharedissues.web.controller.UserController.doGetSearchUser(javax.servlet.http.HttpServletRequest)
04.08.2012 22:30:43 [INFO]: Mapped "{[/users/search-user],methods=[POST],params=[],headers=[],consumes=[],produces=[],custom=[]}" onto public org.springframework.web.servlet.ModelAndView com.sharedissues.web.controller.UserController.doPostSearchUser(javax.servlet.http.HttpServletRequest)
04.08.2012 22:30:43 [INFO]: Mapped "{[/users/edit-user],methods=[GET],params=[],headers=[],consumes=[],produces=[],custom=[]}" onto public org.springframework.web.servlet.ModelAndView com.sharedissues.web.controller.UserController.doGetEditUser(javax.servlet.http.HttpServletRequest)
04.08.2012 22:30:43 [INFO]: Mapped "{[/users/edit-user],methods=[POST],params=[],headers=[],consumes=[],produces=[],custom=[]}" onto public java.lang.String com.sharedissues.web.controller.UserController.doPostEditUser(javax.servlet.http.HttpServletRequest,com.sharedissues.entities.Person,javax.servlet.http.HttpServletResponse) throws java.io.IOException
04.08.2012 22:30:43 [INFO]: Mapped "{[/users/remove-user],methods=[GET],params=[],headers=[],consumes=[],produces=[],custom=[]}" onto public java.lang.String com.sharedissues.web.controller.UserController.doDeleteEditUser(javax.servlet.http.HttpServletRequest,com.sharedissues.entities.Person,javax.servlet.http.HttpServletResponse) throws java.io.IOException
04.08.2012 22:30:43 [INFO]: Mapped "{[/users/configure-roles],methods=[GET],params=[],headers=[],consumes=[],produces=[],custom=[]}" onto public org.springframework.web.servlet.ModelAndView com.sharedissues.web.controller.UserController.doGetConfigureRole(javax.servlet.http.HttpServletRequest,javax.servlet.http.HttpServletResponse)
04.08.2012 22:30:43 [INFO]: Mapped "{[/users/configure-roles],methods=[POST],params=[],headers=[],consumes=[],produces=[],custom=[]}" onto public java.lang.String com.sharedissues.web.controller.UserController.doPostConfigureRole(javax.servlet.http.HttpServletRequest,javax.servlet.http.HttpServletResponse) throws java.io.IOException
04.08.2012 22:30:43 [INFO]: Mapped "{[/users/upload-image],methods=[GET],params=[],headers=[],consumes=[],produces=[],custom=[]}" onto public java.lang.String com.sharedissues.web.controller.UserController.doPostUploadImage(javax.servlet.http.HttpServletRequest,javax.servlet.http.HttpServletResponse) throws java.io.IOException
04.08.2012 22:30:43 [INFO]: Mapped "{[/users/add-user],methods=[GET],params=[],headers=[],consumes=[],produces=[],custom=[]}" onto public org.springframework.web.servlet.ModelAndView com.sharedissues.web.controller.UserController.doGetAddUser(javax.servlet.http.HttpServletRequest)
04.08.2012 22:30:44 [INFO]: Creating filter chain: Ant [pattern='/resources/**'], []
04.08.2012 22:30:45 [INFO]: Creating filter chain: org.springframework.security.web.util.AnyRequestMatcher@1, [org.springframework.security.web.context.SecurityContextPersistenceFilter@48518e15, org.springframework.security.web.authentication.logout.LogoutFilter@624729ca, org.springframework.security.web.authentication.UsernamePasswordAuthenticationFilter@2e08bf2e, org.springframework.security.web.savedrequest.RequestCacheAwareFilter@403f7c9e, org.springframework.security.web.servletapi.SecurityContextHolderAwareRequestFilter@80e8a06, org.springframework.security.web.authentication.AnonymousAuthenticationFilter@7287940b, org.springframework.security.web.session.SessionManagementFilter@230898eb, org.springframework.security.web.access.ExceptionTranslationFilter@96f7e45, org.springframework.security.web.access.intercept.FilterSecurityInterceptor@76cae8d9]
04.08.2012 22:30:45 [INFO]: Checking whether login URL '/login.jsp?login=true' is accessible with your configuration
04.08.2012 22:30:45 [INFO]: Root WebApplicationContext: initialization completed in 15664 ms
04.08.2012 22:30:45 [DEBUG]: trace com.mchange.v2.resourcepool.BasicResourcePool@b9c7cdb [managed: 5, unused: 4, excluded: 0] (e.g. com.mchange.v2.c3p0.impl.NewPooledConnection@212e50ab)
04.08.2012 22:30:46 [DEBUG]: trace com.mchange.v2.resourcepool.BasicResourcePool@b9c7cdb [managed: 5, unused: 4, excluded: 0] (e.g. com.mchange.v2.c3p0.impl.NewPooledConnection@212e50ab)
04.08.2012 22:30:46 [INFO]: FrameworkServlet 'spring-dispatcher': initialization started
04.08.2012 22:30:46 [INFO]: Refreshing WebApplicationContext for namespace 'spring-dispatcher-servlet': startup date [Sat Aug 04 22:30:46 EEST 2012]; parent: Root WebApplicationContext
04.08.2012 22:30:46 [INFO]: Loading XML bean definitions from ServletContext resource [/WEB-INF/spring-dispatcher-servlet.xml]
04.08.2012 22:30:48 [INFO]: Pre-instantiating singletons in org.springframework.beans.factory.support.DefaultListableBeanFactory@1153eaff: defining beans [org.springframework.web.servlet.mvc.method.annotation.RequestMappingHandlerMapping#0,org.springframework.format.support.FormattingConversionServiceFactoryBean#0,org.springframework.validation.beanvalidation.LocalValidatorFactoryBean#0,org.springframework.web.servlet.mvc.method.annotation.RequestMappingHandlerAdapter#0,org.springframework.web.servlet.handler.MappedInterceptor#0,org.springframework.web.servlet.mvc.method.annotation.ExceptionHandlerExceptionResolver#0,org.springframework.web.servlet.mvc.annotation.ResponseStatusExceptionResolver#0,org.springframework.web.servlet.mvc.support.DefaultHandlerExceptionResolver#0,org.springframework.web.servlet.handler.BeanNameUrlHandlerMapping,org.springframework.web.servlet.mvc.HttpRequestHandlerAdapter,org.springframework.web.servlet.mvc.SimpleControllerHandlerAdapter,myService,webUtility,commonService,personReadService,personWriteService,serviceSupport,commonController,fileController,imageController,indexController,issueController,userController,activityObserver,myUserDetailService,org.springframework.context.annotation.internalConfigurationAnnotationProcessor,org.springframework.context.annotation.internalAutowiredAnnotationProcessor,org.springframework.context.annotation.internalRequiredAnnotationProcessor,org.springframework.context.annotation.internalCommonAnnotationProcessor,org.springframework.context.annotation.internalPersistenceAnnotationProcessor,org.springframework.web.servlet.view.InternalResourceViewResolver#0,multipartResolver,org.springframework.web.servlet.handler.MappedInterceptor#1,org.springframework.context.annotation.ConfigurationClassPostProcessor$ImportAwareBeanPostProcessor#0]; parent: org.springframework.beans.factory.support.DefaultListableBeanFactory@7e4d5e01
04.08.2012 22:30:48 [INFO]: Mapped "{[/profile],methods=[],params=[],headers=[],consumes=[],produces=[],custom=[]}" onto public org.springframework.web.servlet.ModelAndView com.sharedissues.web.controller.CommonController.doGetUserProfile(javax.servlet.http.HttpServletRequest)
04.08.2012 22:30:48 [INFO]: Mapped "{[/contact],methods=[POST],params=[],headers=[],consumes=[],produces=[],custom=[]}" onto public void com.sharedissues.web.controller.CommonController.doPostContact(javax.servlet.http.HttpServletRequest,javax.servlet.http.HttpServletResponse) throws java.io.IOException
04.08.2012 22:30:48 [INFO]: Mapped "{[/change-password],methods=[GET],params=[],headers=[],consumes=[],produces=[],custom=[]}" onto public org.springframework.web.servlet.ModelAndView com.sharedissues.web.controller.CommonController.doGetChangePassword(javax.servlet.http.HttpServletRequest,javax.servlet.http.HttpServletResponse) throws java.io.IOException
04.08.2012 22:30:48 [INFO]: Mapped "{[/change-password],methods=[POST],params=[],headers=[],consumes=[],produces=[],custom=[]}" onto public void com.sharedissues.web.controller.CommonController.doPostChangePassword(javax.servlet.http.HttpServletRequest,javax.servlet.http.HttpServletResponse) throws java.io.IOException
04.08.2012 22:30:48 [INFO]: Mapped "{[/edit-profile],methods=[POST],params=[],headers=[],consumes=[],produces=[],custom=[]}" onto public org.springframework.web.servlet.ModelAndView com.sharedissues.web.controller.CommonController.doPostEdit(javax.servlet.http.HttpServletRequest,com.sharedissues.entities.Person,javax.servlet.http.HttpServletResponse) throws java.io.IOException
04.08.2012 22:30:48 [INFO]: Mapped "{[/upload-image],methods=[],params=[],headers=[],consumes=[],produces=[],custom=[]}" onto public void com.sharedissues.web.controller.CommonController.doGetImage(javax.servlet.http.HttpServletRequest,javax.servlet.http.HttpServletResponse)
04.08.2012 22:30:48 [INFO]: Mapped "{[/contact],methods=[GET],params=[],headers=[],consumes=[],produces=[],custom=[]}" onto public org.springframework.web.servlet.ModelAndView com.sharedissues.web.controller.CommonController.doGetContact(javax.servlet.http.HttpServletRequest,javax.servlet.http.HttpServletResponse) throws java.io.IOException
04.08.2012 22:30:48 [INFO]: Mapped "{[/edit-profile],methods=[GET],params=[],headers=[],consumes=[],produces=[],custom=[]}" onto public org.springframework.web.servlet.ModelAndView com.sharedissues.web.controller.CommonController.doGetEdit(javax.servlet.http.HttpServletRequest,javax.servlet.http.HttpServletResponse) throws java.io.IOException
04.08.2012 22:30:48 [INFO]: Mapped "{[/files/all-files],methods=[],params=[],headers=[],consumes=[],produces=[],custom=[]}" onto public org.springframework.web.servlet.ModelAndView com.sharedissues.web.controller.FileController.doGetAllFiles()
04.08.2012 22:30:48 [INFO]: Mapped "{[/image/all-images],methods=[],params=[],headers=[],consumes=[],produces=[],custom=[]}" onto public org.springframework.web.servlet.ModelAndView com.sharedissues.web.controller.ImageController.doGetAllFiles()
04.08.2012 22:30:48 [INFO]: Mapped "{[/image/remove],methods=[],params=[],headers=[],consumes=[],produces=[],custom=[]}" onto public void com.sharedissues.web.controller.ImageController.doGetAllFiles(javax.servlet.http.HttpServletRequest,javax.servlet.http.HttpServletResponse) throws java.io.IOException
04.08.2012 22:30:48 [INFO]: Mapped "{[/image/get/{imageUuid}],methods=[],params=[],headers=[],consumes=[],produces=[],custom=[]}" onto public java.lang.String com.sharedissues.web.controller.ImageController.getImageByImageId(java.lang.String,javax.servlet.http.HttpServletResponse) throws java.lang.Exception
04.08.2012 22:30:48 [INFO]: Mapped "{[/image/detail],methods=[GET],params=[],headers=[],consumes=[],produces=[],custom=[]}" onto public org.springframework.web.servlet.ModelAndView com.sharedissues.web.controller.ImageController.getImageDetails()
04.08.2012 22:30:48 [INFO]: Mapped "{[/image/upload],methods=[POST],params=[],headers=[],consumes=[],produces=[],custom=[]}" onto public java.lang.String com.sharedissues.web.controller.ImageController.uploadImage(javax.servlet.http.HttpServletRequest,javax.servlet.http.HttpServletResponse) throws java.io.IOException
04.08.2012 22:30:48 [INFO]: Mapped "{[/index],methods=[],params=[],headers=[],consumes=[],produces=[],custom=[]}" onto public java.lang.String com.sharedissues.web.controller.IndexController.doGetIndex(javax.servlet.http.HttpServletRequest)
04.08.2012 22:30:48 [INFO]: Mapped "{[/issues/index],methods=[GET],params=[],headers=[],consumes=[],produces=[],custom=[]}" onto public org.springframework.web.servlet.ModelAndView com.sharedissues.web.controller.IssueController.doGetDashBoard()
04.08.2012 22:30:48 [INFO]: Mapped "{[/issues/create],methods=[GET],params=[],headers=[],consumes=[],produces=[],custom=[]}" onto public org.springframework.web.servlet.ModelAndView com.sharedissues.web.controller.IssueController.doGetAddIssue(javax.servlet.http.HttpServletRequest,javax.servlet.http.HttpServletResponse)
04.08.2012 22:30:48 [INFO]: Mapped "{[/issues/create],methods=[POST],params=[],headers=[],consumes=[],produces=[],custom=[]}" onto public void com.sharedissues.web.controller.IssueController.doPostAddIssue(com.sharedissues.entities.Issue,javax.servlet.http.HttpServletRequest,javax.servlet.http.HttpServletResponse) throws java.io.IOException
04.08.2012 22:30:48 [INFO]: Mapped "{[/issues/edit],methods=[GET],params=[],headers=[],consumes=[],produces=[],custom=[]}" onto public org.springframework.web.servlet.ModelAndView com.sharedissues.web.controller.IssueController.doGetEditIssue(javax.servlet.http.HttpServletResponse,javax.servlet.http.HttpServletRequest)
04.08.2012 22:30:48 [INFO]: Mapped "{[/issues/edit],methods=[POST],params=[],headers=[],consumes=[],produces=[],custom=[]}" onto public void com.sharedissues.web.controller.IssueController.doPostEditIssue(com.sharedissues.entities.Issue,javax.servlet.http.HttpServletResponse) throws java.io.IOException
04.08.2012 22:30:48 [INFO]: Mapped "{[/issues/remove],methods=[POST],params=[],headers=[],consumes=[],produces=[],custom=[]}" onto public org.springframework.web.servlet.ModelAndView com.sharedissues.web.controller.IssueController.doGetDeleteIssue()
04.08.2012 22:30:48 [INFO]: Mapped "{[/issues/search],methods=[GET],params=[],headers=[],consumes=[],produces=[],custom=[]}" onto public org.springframework.web.servlet.ModelAndView com.sharedissues.web.controller.IssueController.doGetSearchIssue()
04.08.2012 22:30:48 [INFO]: Mapped "{[/issues/search],methods=[POST],params=[],headers=[],consumes=[],produces=[],custom=[]}" onto public org.springframework.web.servlet.ModelAndView com.sharedissues.web.controller.IssueController.doPostSearchIssue()
04.08.2012 22:30:48 [INFO]: Mapped "{[/issues/issue-board],methods=[GET],params=[],headers=[],consumes=[],produces=[],custom=[]}" onto public org.springframework.web.servlet.ModelAndView com.sharedissues.web.controller.IssueController.doGetIssueBoard()
04.08.2012 22:30:48 [INFO]: Mapped "{[/issues/detail],methods=[GET],params=[],headers=[],consumes=[],produces=[],custom=[]}" onto public org.springframework.web.servlet.ModelAndView com.sharedissues.web.controller.IssueController.doGetIssueDetail(javax.servlet.http.HttpServletRequest)
04.08.2012 22:30:48 [INFO]: Mapped "{[/issues/change-status],methods=[GET],params=[],headers=[],consumes=[],produces=[],custom=[]}" onto public void com.sharedissues.web.controller.IssueController.doGetChangeStatus(javax.servlet.http.HttpServletRequest,javax.servlet.http.HttpServletResponse) throws java.io.IOException
04.08.2012 22:30:48 [INFO]: Mapped "{[/issues/comment],methods=[POST],params=[],headers=[],consumes=[],produces=[],custom=[]}" onto public void com.sharedissues.web.controller.IssueController.doGetComment(javax.servlet.http.HttpServletRequest,com.sharedissues.entities.Comment,javax.servlet.http.HttpServletResponse) throws java.io.IOException
04.08.2012 22:30:48 [INFO]: Mapped "{[/users/add-user],methods=[POST],params=[],headers=[],consumes=[],produces=[],custom=[]}" onto public org.springframework.web.servlet.ModelAndView com.sharedissues.web.controller.UserController.doPostAddUser(com.sharedissues.entities.Person,javax.servlet.http.HttpServletRequest)
04.08.2012 22:30:48 [INFO]: Mapped "{[/users/all-users],methods=[GET],params=[],headers=[],consumes=[],produces=[],custom=[]}" onto public org.springframework.web.servlet.ModelAndView com.sharedissues.web.controller.UserController.doPostAllUsers(javax.servlet.http.HttpServletRequest)
04.08.2012 22:30:48 [INFO]: Mapped "{[/users/search-user],methods=[GET],params=[],headers=[],consumes=[],produces=[],custom=[]}" onto public java.lang.String com.sharedissues.web.controller.UserController.doGetSearchUser(javax.servlet.http.HttpServletRequest)
04.08.2012 22:30:48 [INFO]: Mapped "{[/users/search-user],methods=[POST],params=[],headers=[],consumes=[],produces=[],custom=[]}" onto public org.springframework.web.servlet.ModelAndView com.sharedissues.web.controller.UserController.doPostSearchUser(javax.servlet.http.HttpServletRequest)
04.08.2012 22:30:48 [INFO]: Mapped "{[/users/edit-user],methods=[GET],params=[],headers=[],consumes=[],produces=[],custom=[]}" onto public org.springframework.web.servlet.ModelAndView com.sharedissues.web.controller.UserController.doGetEditUser(javax.servlet.http.HttpServletRequest)
04.08.2012 22:30:48 [INFO]: Mapped "{[/users/edit-user],methods=[POST],params=[],headers=[],consumes=[],produces=[],custom=[]}" onto public java.lang.String com.sharedissues.web.controller.UserController.doPostEditUser(javax.servlet.http.HttpServletRequest,com.sharedissues.entities.Person,javax.servlet.http.HttpServletResponse) throws java.io.IOException
04.08.2012 22:30:48 [INFO]: Mapped "{[/users/remove-user],methods=[GET],params=[],headers=[],consumes=[],produces=[],custom=[]}" onto public java.lang.String com.sharedissues.web.controller.UserController.doDeleteEditUser(javax.servlet.http.HttpServletRequest,com.sharedissues.entities.Person,javax.servlet.http.HttpServletResponse) throws java.io.IOException
04.08.2012 22:30:48 [INFO]: Mapped "{[/users/configure-roles],methods=[GET],params=[],headers=[],consumes=[],produces=[],custom=[]}" onto public org.springframework.web.servlet.ModelAndView com.sharedissues.web.controller.UserController.doGetConfigureRole(javax.servlet.http.HttpServletRequest,javax.servlet.http.HttpServletResponse)
04.08.2012 22:30:48 [INFO]: Mapped "{[/users/configure-roles],methods=[POST],params=[],headers=[],consumes=[],produces=[],custom=[]}" onto public java.lang.String com.sharedissues.web.controller.UserController.doPostConfigureRole(javax.servlet.http.HttpServletRequest,javax.servlet.http.HttpServletResponse) throws java.io.IOException
04.08.2012 22:30:48 [INFO]: Mapped "{[/users/upload-image],methods=[GET],params=[],headers=[],consumes=[],produces=[],custom=[]}" onto public java.lang.String com.sharedissues.web.controller.UserController.doPostUploadImage(javax.servlet.http.HttpServletRequest,javax.servlet.http.HttpServletResponse) throws java.io.IOException
04.08.2012 22:30:48 [INFO]: Mapped "{[/users/add-user],methods=[GET],params=[],headers=[],consumes=[],produces=[],custom=[]}" onto public org.springframework.web.servlet.ModelAndView com.sharedissues.web.controller.UserController.doGetAddUser(javax.servlet.http.HttpServletRequest)
04.08.2012 22:30:49 [INFO]: FrameworkServlet 'spring-dispatcher': initialization completed in 3206 ms
